<?xml version="1.0" encoding="utf-8"?><testsuites name="pytest tests"><testsuite name="pytest" errors="0" failures="0" skipped="0" tests="17" time="9.885" timestamp="2026-07-05T20:18:08.845335+00:00" hostname="agent-env-8b6778a3-f96d-4c22-a445-7f43593586da"><testcase classname="backend.tests.test_mindecho_api.TestHealth" name="test_root" time="0.133" /><testcase classname="backend.tests.test_mindecho_api.TestAuth" name="test_login_existing_seed_user" time="0.272" /><testcase classname="backend.tests.test_mindecho_api.TestAuth" name="test_login_wrong_password" time="0.539" /><testcase classname="backend.tests.test_mindecho_api.TestAuth" name="test_login_correct_password" time="0.266" /><testcase classname="backend.tests.test_mindecho_api.TestAuth" name="test_register_short_password_rejected" time="0.046" /><testcase classname="backend.tests.test_mindecho_api.TestAuth" name="test_register_duplicate_email" time="0.044" /><testcase classname="backend.tests.test_mindecho_api.TestAuth" name="test_me_requires_token" time="0.040" /><testcase classname="backend.tests.test_mindecho_api.TestAuth" name="test_me_with_token" time="0.044" /><testcase classname="backend.tests.test_mindecho_api.TestTextAnalysis" name="test_analyze_stressful_text" time="4.235" /><testcase classname="backend.tests.test_mindecho_api.TestTextAnalysis" name="test_analyze_calm_text" time="3.852" /><testcase classname="backend.tests.test_mindecho_api.TestTextAnalysis" name="test_stressful_prob_greater_than_calm" time="0.000" /><testcase classname="backend.tests.test_mindecho_api.TestTextAnalysis" name="test_analyze_requires_auth" time="0.044" /><testcase classname="backend.tests.test_mindecho_api.TestHistory" name="test_history_list_reverse_chrono" time="0.050" /><testcase classname="backend.tests.test_mindecho_api.TestHistory" name="test_history_detail" time="0.045" /><testcase classname="backend.tests.test_mindecho_api.TestHistory" name="test_history_detail_404" time="0.053" /><testcase classname="backend.tests.test_mindecho_api.TestHistory" name="test_delete_history" time="0.088" /><testcase classname="backend.tests.test_mindecho_api.TestStats" name="test_stats_shape" time="0.048" /></testsuite></testsuites>