<?xml version="1.0" encoding="utf-8"?><testsuites name="pytest tests"><testsuite name="pytest" errors="0" failures="0" skipped="0" tests="5" time="21.303" timestamp="2026-07-05T20:39:20.301272+00:00" hostname="agent-env-8b6778a3-f96d-4c22-a445-7f43593586da"><testcase classname="backend.tests.test_voice_analysis.TestVoiceAnalyze" name="test_voice_with_real_speech_returns_200" time="7.554" /><testcase classname="backend.tests.test_voice_analysis.TestVoiceAnalyze" name="test_voice_unsupported_extension_not_500" time="0.287" /><testcase classname="backend.tests.test_voice_analysis.TestVoiceAnalyze" name="test_voice_silence_returns_400_not_500" time="4.523" /><testcase classname="backend.tests.test_voice_analysis.TestMultimodal" name="test_multimodal_returns_200_with_both_probs" time="8.813" /><testcase classname="backend.tests.test_voice_analysis.TestVoiceInHistory" name="test_history_contains_voice_entry" time="0.052" /></testsuite></testsuites>